#
# A fatal error has been detected by the Java Runtime Environment:
#
#  SIGSEGV (0xb) at pc=0x000000010d55d75b, pid=5431, tid=0x0000000000002b03
#
# JRE version: Java(TM) SE Runtime Environment (8.0_144-b01) (build 1.8.0_144-b01)
# Java VM: Java HotSpot(TM) 64-Bit Server VM (25.144-b01 mixed mode bsd-amd64 compressed oops)
# Problematic frame:
# C  [libswt-cocoa-4758.jnilib+0x275b]  callback+0x31b
#
# Failed to write core dump. Core dumps have been disabled. To enable core dumping, try "ulimit -c unlimited" before starting Java again
#
# If you would like to submit a bug report, please visit:
#   http://bugreport.java.com/bugreport/crash.jsp
#

---------------  T H R E A D  ---------------

Current thread (0x00007f9baa014000):  VMThread [stack: 0x00007000085b5000,0x00007000086b5000] [id=11011]

siginfo: si_signo: 11 (SIGSEGV), si_code: 1 (SEGV_MAPERR), si_addr: 0x0000000000000078

Registers:
RAX=0x0000000000000000, RBX=0x00007fffa18e53a0, RCX=0x0000000109d24683, RDX=0x0000000000000001
RSP=0x00007000086b4690, RBP=0x00007000086b48e0, RSI=0x0000000000000000, RDI=0x0000000000000000
R8 =0x0000000000000002, R9 =0x461292e8d9a3001a, R10=0x0469ab0104694600, R11=0x000000010d5602b0
R12=0x00007fff6e2a6e80, R13=0x00007f9ba96f7740, R14=0x0000000000000000, R15=0x0000000000000000
RIP=0x000000010d55d75b, EFLAGS=0x0000000000010202, ERR=0x0000000000000004
  TRAPNO=0x000000000000000e

Top of Stack: (sp=0x00007000086b4690)
0x00007000086b4690:   ff80000000001002 00007fff6f04ffff
0x00007000086b46a0:   0000000000000000 0000000108fdf080
0x00007000086b46b0:   0000000000000003 0000000109043e00
0x00007000086b46c0:   0000000000001400 00007fff6f04c384
0x00007000086b46d0:   0000000000000002 00007000086b4750
0x00007000086b46e0:   0000000000000011 00000000086b4750
0x00007000086b46f0:   0000000109d24683 fffffffe6efe95e7
0x00007000086b4700:   00007f9ba962b2b0 00007fff45b7f1c0
0x00007000086b4710:   0345c80000000000 00007f9ba95007b0
0x00007000086b4720:   0000000000000040 00000000086b4750
0x00007000086b4730:   00007fffa84d1060 00000000c2000000
0x00007000086b4740:   0000000000000000 0000000000000000
0x00007000086b4750:   0000000000000000 0000000000000000
0x00007000086b4760:   0000000000000000 0000000000000000
0x00007000086b4770:   0000000000000000 0000000000000000
0x00007000086b4780:   000000004a270c21 0000000000000000
0x00007000086b4790:   0000000000000000 0000000000000000
0x00007000086b47a0:   0000000000000000 0000000000000000
0x00007000086b47b0:   00007000086b47d0 00007f9ba962b2b0
0x00007000086b47c0:   00007fff45b7f1c0 0345c80000000000
0x00007000086b47d0:   00007f9ba95007b0 0000000000000040
0x00007000086b47e0:   0000000000000018 00000000afa07580
0x00007000086b47f0:   00007f9ba9585a50 00007f9ba962b2b0
0x00007000086b4800:   00000000086b4820 00007fffa18e53a0
0x00007000086b4810:   00007fff6e2a6e80 00007f9ba96f7740
0x00007000086b4820:   0000000000000000 0000000000000000
0x00007000086b4830:   00007000086b4900 00007fff6e2a7914
0x00007000086b4840:   0000000000000040 00007f9ba95007b0
0x00007000086b4850:   0345c80000000000 0345c7000345c803
0x00007000086b4860:   00007fff45b7f1c0 00007f9ba962b2b0
0x00007000086b4870:   00007fffa1916c30 0000000044f5bd7f
0x00007000086b4880:   00007fffa84d1060 0000000000000000 

Instructions: (pc=0x000000010d55d75b)
0x000000010d55d73b:   00 e9 00 00 00 00 48 81 7d c8 00 00 00 00 0f 85
0x000000010d55d74b:   05 00 00 00 e9 34 03 00 00 48 8b 45 c8 48 8b 00
0x000000010d55d75b:   48 8b 40 78 48 8b 7d c8 ff d0 48 89 45 a0 48 3d
0x000000010d55d76b:   00 00 00 00 0f 84 1d 00 00 00 48 8b 45 c8 48 8b 

Register to memory mapping:

RAX=0x0000000000000000 is an unknown value
RBX=0x00007fffa18e53a0: OBJC_IVAR_$_NSWindowAuxiliary._auxWFlags+0 in /System/Library/Frameworks/AppKit.framework/Versions/C/AppKit at 0x00007fff44e9c000
RCX=0x0000000109d24683: jni_AttachCurrentThreadAsDaemon+0 in /Library/Java/JavaVirtualMachines/jdk1.8.0_144.jdk/Contents/Home/jre/lib/server/libjvm.dylib at 0x0000000109a00000
RDX=0x0000000000000001 is an unknown value
RSP=0x00007000086b4690 is an unknown value
RBP=0x00007000086b48e0 is an unknown value
RSI=0x0000000000000000 is an unknown value
RDI=0x0000000000000000 is an unknown value
R8 =0x0000000000000002 is an unknown value
R9 =0x461292e8d9a3001a is an unknown value
R10=0x0469ab0104694600 is an unknown value
R11=0x000000010d5602b0: fn0_2+0 in /Users/peijiexu/.swt/lib/macosx/x86_64/libswt-cocoa-4758.jnilib at 0x000000010d55b000
R12=0x00007fff6e2a6e80: objc_msgSend+0 in /usr/lib/libobjc.A.dylib at 0x00007fff6e2a0000
R13=0x00007f9ba96f7740 is an unknown value
R14=0x0000000000000000 is an unknown value
R15=0x0000000000000000 is an unknown value


Stack: [0x00007000085b5000,0x00007000086b5000],  sp=0x00007000086b4690,  free space=1021k
Native frames: (J=compiled Java code, j=interpreted, Vv=VM code, C=native code)
C  [libswt-cocoa-4758.jnilib+0x275b]  callback+0x31b
C  [libswt-cocoa-4758.jnilib+0x52d3]  fn0_2+0x23
C  [AppKit+0x16d90e]  -[NSWindow orderWindow:relativeTo:]+0x88
C  [AppKit+0x912096]  -[NSWindow _finishClosingWindow]+0x1df
C  [AppKit+0x2b30ac]  -[NSWindow _close]+0x17a
C  [FinderKit+0xb9a7f]  -[FI_TFloatingInputWindowController dealloc]+0x3b
C  [libobjc.A.dylib+0xedb4]  objc_object::sidetable_release(bool)+0x10a
C  [AppKit+0x5019c]  -[NSWindowController release]+0x9a
C  [FinderKit+0xb9764]  TNSRef<FI_TFloatingInputWindowController*, void>::~TNSRef()+0x14
C  [libsystem_c.dylib+0x5e049]  __cxa_finalize_ranges+0x15f
C  [libsystem_c.dylib+0x5e35a]  exit+0x37
V  [libjvm.dylib+0x2ece6e]  vm_exit(int)+0x0
V  [libjvm.dylib+0x5b9a69]  VM_Operation::evaluate()+0x4f
V  [libjvm.dylib+0x5b80d5]  VMThread::evaluate_operation(VM_Operation*)+0xdf
V  [libjvm.dylib+0x5b8522]  VMThread::loop()+0x328
V  [libjvm.dylib+0x5b7e41]  VMThread::run()+0x79
V  [libjvm.dylib+0x48baee]  java_start(Thread*)+0xf6
C  [libsystem_pthread.dylib+0x36c1]  _pthread_body+0x154
C  [libsystem_pthread.dylib+0x356d]  _pthread_body+0x0
C  [libsystem_pthread.dylib+0x2c5d]  thread_start+0xd

VM_Operation (0x00007000081a2658): Exit, mode: safepoint, requested by thread 0x00007f9ba9a6f000


---------------  P R O C E S S  ---------------

Java Threads: ( => current thread )
  0x00007f9ba9a6f000 JavaThread "SIGTERM handler" daemon [_thread_blocked, id=62187, stack(0x00007000080a3000,0x00007000081a3000)]
  0x00007f9baa45d800 JavaThread "process reaper" daemon [_thread_blocked, id=76039, stack(0x00007000093ee000,0x0000700009416000)]
  0x00007f9baa81b800 JavaThread "Service Thread" daemon [_thread_blocked, id=17411, stack(0x0000700008cca000,0x0000700008dca000)]
  0x00007f9baa805800 JavaThread "C1 CompilerThread2" daemon [_thread_blocked, id=16899, stack(0x0000700008bc7000,0x0000700008cc7000)]
  0x00007f9bab007000 JavaThread "C2 CompilerThread1" daemon [_thread_blocked, id=16387, stack(0x0000700008ac4000,0x0000700008bc4000)]
  0x00007f9bab005000 JavaThread "C2 CompilerThread0" daemon [_thread_blocked, id=15875, stack(0x00007000089c1000,0x0000700008ac1000)]
  0x00007f9ba9817800 JavaThread "Finalizer" daemon [_thread_blocked, id=12035, stack(0x00007000087bb000,0x00007000088bb000)]
  0x00007f9baa018800 JavaThread "Reference Handler" daemon [_thread_blocked, id=11523, stack(0x00007000086b8000,0x00007000087b8000)]
  0x00007f9ba9808800 JavaThread "main" [_thread_blocked, id=775, stack(0x00007ffee643e000,0x00007ffee6c3e000)]

Other Threads:
=>0x00007f9baa014000 VMThread [stack: 0x00007000085b5000,0x00007000086b5000] [id=11011]

VM state:at safepoint (shutting down)

VM Mutex/Monitor currently owned by a thread:  ([mutex/lock_event])
[0x00007f9ba9602cb0] Threads_lock - owner thread: 0x00007f9baa014000

Heap:
 PSYoungGen      total 38400K, used 32957K [0x0000000795580000, 0x000000079a080000, 0x00000007c0000000)
  eden space 33280K, 90% used [0x0000000795580000,0x00000007973076e0,0x0000000797600000)
  from space 5120K, 53% used [0x0000000797600000,0x00000007978a8020,0x0000000797b00000)
  to   space 5120K, 0% used [0x0000000799b80000,0x0000000799b80000,0x000000079a080000)
 ParOldGen       total 87552K, used 76526K [0x0000000740000000, 0x0000000745580000, 0x0000000795580000)
  object space 87552K, 87% used [0x0000000740000000,0x0000000744abbba8,0x0000000745580000)
 Metaspace       used 10560K, capacity 10828K, committed 11008K, reserved 1058816K
  class space    used 1153K, capacity 1268K, committed 1280K, reserved 1048576K

Card table byte_map: [0x000000010ad67000,0x000000010b168000] byte_map_base: 0x0000000107367000

Marking Bits: (ParMarkBitMap*) 0x000000010a2f35d0
 Begin Bits: [0x000000011cf9a000, 0x000000011ef9a000)
 End Bits:   [0x000000011ef9a000, 0x0000000120f9a000)

Polling page: 0x000000010909c000

CodeCache: size=245760Kb used=4944Kb max_used=4944Kb free=240815Kb
 bounds [0x000000010df9a000, 0x000000010e47a000, 0x000000011cf9a000]
 total_blobs=1688 nmethods=1238 adapters=363
 compilation: enabled

Compilation events (10 events):
Event: 16.429 Thread 0x00007f9baa805800 1235       3       org.eclipse.swt.widgets.Widget::drawBackground (1 bytes)
Event: 16.429 Thread 0x00007f9baa805800 nmethod 1235 0x000000010e466fd0 code [0x000000010e467120, 0x000000010e467270]
Event: 16.592 Thread 0x00007f9baa805800 1236       3       org.eclipse.swt.widgets.Widget::callSuper (37 bytes)
Event: 16.592 Thread 0x00007f9baa805800 nmethod 1236 0x000000010e46f550 code [0x000000010e46f6e0, 0x000000010e46f9d8]
Event: 16.663 Thread 0x00007f9baa805800 1237       3       org.eclipse.swt.widgets.ScrollBar::setClipRegion (9 bytes)
Event: 16.663 Thread 0x00007f9baa805800 nmethod 1237 0x000000010e46db90 code [0x000000010e46dd00, 0x000000010e46df28]
Event: 16.663 Thread 0x00007f9baa805800 1238       3       org.eclipse.swt.widgets.Widget::drawWidget (1 bytes)
Event: 16.663 Thread 0x00007f9baa805800 nmethod 1238 0x000000010e46fb50 code [0x000000010e46fca0, 0x000000010e46fdf0]
Event: 17.760 Thread 0x00007f9baa805800 1239  s    3       java.util.Hashtable::containsKey (65 bytes)
Event: 17.760 Thread 0x00007f9baa805800 nmethod 1239 0x000000010e46fe90 code [0x000000010e470040, 0x000000010e470678]

GC Heap History (6 events):
Event: 5.741 GC heap before
{Heap before GC invocations=1 (full 0):
 PSYoungGen      total 38400K, used 31450K [0x0000000795580000, 0x0000000798000000, 0x00000007c0000000)
  eden space 33280K, 94% used [0x0000000795580000,0x0000000797436888,0x0000000797600000)
  from space 5120K, 0% used [0x0000000797b00000,0x0000000797b00000,0x0000000798000000)
  to   space 5120K, 0% used [0x0000000797600000,0x0000000797600000,0x0000000797b00000)
 ParOldGen       total 87552K, used 0K [0x0000000740000000, 0x0000000745580000, 0x0000000795580000)
  object space 87552K, 0% used [0x0000000740000000,0x0000000740000000,0x0000000745580000)
 Metaspace       used 10066K, capacity 10308K, committed 10496K, reserved 1058816K
  class space    used 1123K, capacity 1226K, committed 1280K, reserved 1048576K
Event: 5.747 GC heap after
Heap after GC invocations=1 (full 0):
 PSYoungGen      total 38400K, used 5110K [0x0000000795580000, 0x0000000798000000, 0x00000007c0000000)
  eden space 33280K, 0% used [0x0000000795580000,0x0000000795580000,0x0000000797600000)
  from space 5120K, 99% used [0x0000000797600000,0x0000000797afd860,0x0000000797b00000)
  to   space 5120K, 0% used [0x0000000797b00000,0x0000000797b00000,0x0000000798000000)
 ParOldGen       total 87552K, used 548K [0x0000000740000000, 0x0000000745580000, 0x0000000795580000)
  object space 87552K, 0% used [0x0000000740000000,0x00000007400890c8,0x0000000745580000)
 Metaspace       used 10066K, capacity 10308K, committed 10496K, reserved 1058816K
  class space    used 1123K, capacity 1226K, committed 1280K, reserved 1048576K
}
Event: 5.837 GC heap before
{Heap before GC invocations=2 (full 0):
 PSYoungGen      total 38400K, used 31485K [0x0000000795580000, 0x0000000798000000, 0x00000007c0000000)
  eden space 33280K, 79% used [0x0000000795580000,0x0000000796f41d28,0x0000000797600000)
  from space 5120K, 99% used [0x0000000797600000,0x0000000797afd860,0x0000000797b00000)
  to   space 5120K, 0% used [0x0000000797b00000,0x0000000797b00000,0x0000000798000000)
 ParOldGen       total 87552K, used 548K [0x0000000740000000, 0x0000000745580000, 0x0000000795580000)
  object space 87552K, 0% used [0x0000000740000000,0x00000007400890c8,0x0000000745580000)
 Metaspace       used 10083K, capacity 10308K, committed 10496K, reserved 1058816K
  class space    used 1123K, capacity 1226K, committed 1280K, reserved 1048576K
Event: 5.844 GC heap after
Heap after GC invocations=2 (full 0):
 PSYoungGen      total 38400K, used 2784K [0x0000000795580000, 0x000000079a080000, 0x00000007c0000000)
  eden space 33280K, 0% used [0x0000000795580000,0x0000000795580000,0x0000000797600000)
  from space 5120K, 54% used [0x0000000797b00000,0x0000000797db8000,0x0000000798000000)
  to   space 5120K, 0% used [0x0000000797600000,0x0000000797600000,0x0000000797b00000)
 ParOldGen       total 87552K, used 12691K [0x0000000740000000, 0x0000000745580000, 0x0000000795580000)
  object space 87552K, 14% used [0x0000000740000000,0x0000000740c64f68,0x0000000745580000)
 Metaspace       used 10083K, capacity 10308K, committed 10496K, reserved 1058816K
  class space    used 1123K, capacity 1226K, committed 1280K, reserved 1048576K
}
Event: 5.946 GC heap before
{Heap before GC invocations=3 (full 0):
 PSYoungGen      total 38400K, used 36064K [0x0000000795580000, 0x000000079a080000, 0x00000007c0000000)
  eden space 33280K, 100% used [0x0000000795580000,0x0000000797600000,0x0000000797600000)
  from space 5120K, 54% used [0x0000000797b00000,0x0000000797db8000,0x0000000798000000)
  to   space 5120K, 0% used [0x0000000797600000,0x0000000797600000,0x0000000797b00000)
 ParOldGen       total 87552K, used 36963K [0x0000000740000000, 0x0000000745580000, 0x0000000795580000)
  object space 87552K, 42% used [0x0000000740000000,0x0000000742418c78,0x0000000745580000)
 Metaspace       used 10083K, capacity 10308K, committed 10496K, reserved 1058816K
  class space    used 1123K, capacity 1226K, committed 1280K, reserved 1048576K
Event: 5.949 GC heap after
Heap after GC invocations=3 (full 0):
 PSYoungGen      total 38400K, used 2720K [0x0000000795580000, 0x000000079a080000, 0x00000007c0000000)
  eden space 33280K, 0% used [0x0000000795580000,0x0000000795580000,0x0000000797600000)
  from space 5120K, 53% used [0x0000000797600000,0x00000007978a8020,0x0000000797b00000)
  to   space 5120K, 0% used [0x0000000799b80000,0x0000000799b80000,0x000000079a080000)
 ParOldGen       total 87552K, used 36971K [0x0000000740000000, 0x0000000745580000, 0x0000000795580000)
  object space 87552K, 42% used [0x0000000740000000,0x000000074241ac78,0x0000000745580000)
 Metaspace       used 10083K, capacity 10308K, committed 10496K, reserved 1058816K
  class space    used 1123K, capacity 1226K, committed 1280K, reserved 1048576K
}

Deoptimization events (10 events):
Event: 0.286 Thread 0x00007f9ba9808800 Uncommon trap: reason=unstable_if action=reinterpret pc=0x000000010e10ecac method=java.lang.String.indexOf([CII[CIII)I @ 134
Event: 0.302 Thread 0x00007f9ba9808800 Uncommon trap: reason=class_check action=maybe_recompile pc=0x000000010e1d0498 method=java.util.regex.Pattern$BmpCharProperty.match(Ljava/util/regex/Matcher;ILjava/lang/CharSequence;)Z @ 31
Event: 0.302 Thread 0x00007f9ba9808800 Uncommon trap: reason=unstable_if action=reinterpret pc=0x000000010e1d042c method=java.util.regex.Pattern$BmpCharProperty.match(Ljava/util/regex/Matcher;ILjava/lang/CharSequence;)Z @ 5
Event: 0.321 Thread 0x00007f9ba9808800 Uncommon trap: reason=unstable_if action=reinterpret pc=0x000000010e166a68 method=java.lang.CharacterDataLatin1.digit(II)I @ 82
Event: 5.748 Thread 0x00007f9ba9808800 Uncommon trap: reason=null_check action=make_not_entrant pc=0x000000010e353b9c method=java.nio.charset.CoderResult$Cache.get(I)Ljava/nio/charset/CoderResult; @ 69
Event: 5.859 Thread 0x00007f9ba9808800 Uncommon trap: reason=unstable_if action=reinterpret pc=0x000000010e37cde8 method=sun.nio.cs.UTF_8$Decoder.decodeArrayLoop(Ljava/nio/ByteBuffer;Ljava/nio/CharBuffer;)Ljava/nio/charset/CoderResult; @ 280
Event: 5.904 Thread 0x00007f9ba9808800 Uncommon trap: reason=unstable_if action=reinterpret pc=0x000000010e39c89c method=sun.nio.cs.UTF_8$Decoder.isMalformed4(III)Z @ 30
Event: 5.925 Thread 0x00007f9ba9808800 Uncommon trap: reason=unstable_if action=reinterpret pc=0x000000010e358664 method=sun.nio.cs.UTF_8$Decoder.isMalformed4(III)Z @ 30
Event: 5.985 Thread 0x00007f9ba9808800 Uncommon trap: reason=unstable_if action=reinterpret pc=0x000000010e34f788 method=java.io.BufferedReader.readLine(Z)Ljava/lang/String; @ 55
Event: 12.135 Thread 0x00007f9ba9808800 Uncommon trap: reason=unstable_if action=reinterpret pc=0x000000010e433b48 method=org.eclipse.swt.widgets.Display.windowProc(JJJ)J @ 807

Internal exceptions (10 events):
Event: 0.123 Thread 0x00007f9ba9808800 Exception <a 'java/security/PrivilegedActionException'> (0x00000007958864b0) thrown at [/Users/java_re/workspace/8-2-build-macosx-x86_64/jdk8u144/9417/hotspot/src/share/vm/prims/jvm.cpp, line 1390]
Event: 0.123 Thread 0x00007f9ba9808800 Exception <a 'java/security/PrivilegedActionException'> (0x00000007958868a8) thrown at [/Users/java_re/workspace/8-2-build-macosx-x86_64/jdk8u144/9417/hotspot/src/share/vm/prims/jvm.cpp, line 1390]
Event: 0.129 Thread 0x00007f9ba9808800 Exception <a 'java/io/FileNotFoundException'> (0x000000079597a048) thrown at [/Users/java_re/workspace/8-2-build-macosx-x86_64/jdk8u144/9417/hotspot/src/share/vm/prims/jni.cpp, line 709]
Event: 0.355 Thread 0x00007f9ba9808800 Exception <a 'java/lang/NoSuchFieldError': method resolution failed> (0x0000000796399b40) thrown at [/Users/java_re/workspace/8-2-build-macosx-x86_64/jdk8u144/9417/hotspot/src/share/vm/prims/methodHandles.cpp, line 1146]
Event: 0.356 Thread 0x00007f9ba9808800 Exception <a 'java/lang/NoSuchFieldError': method resolution failed> (0x00000007963a7230) thrown at [/Users/java_re/workspace/8-2-build-macosx-x86_64/jdk8u144/9417/hotspot/src/share/vm/prims/methodHandles.cpp, line 1146]
Event: 5.748 Thread 0x00007f9ba9808800 Implicit null exception at 0x000000010e353631 to 0x000000010e353b85
Event: 5.985 Thread 0x00007f9ba9808800 Implicit null exception at 0x000000010e36ff74 to 0x000000010e37088a
Event: 5.985 Thread 0x00007f9ba9808800 Exception <a 'java/lang/NullPointerException'> (0x00000007966bc568) thrown at [/Users/java_re/workspace/8-2-build-macosx-x86_64/jdk8u144/9417/hotspot/src/share/vm/runtime/sharedRuntime.cpp, line 605]
Event: 6.621 Thread 0x00007f9ba9808800 Exception <a 'java/io/FileNotFoundException'> (0x0000000796a987a8) thrown at [/Users/java_re/workspace/8-2-build-macosx-x86_64/jdk8u144/9417/hotspot/src/share/vm/prims/jni.cpp, line 709]
Event: 12.194 Thread 0x00007f9ba9808800 Exception <a 'java/io/FileNotFoundException'> (0x0000000796f82848) thrown at [/Users/java_re/workspace/8-2-build-macosx-x86_64/jdk8u144/9417/hotspot/src/share/vm/prims/jni.cpp, line 709]

Events (10 events):
Event: 17.759 loading class java/util/IdentityHashMap$KeyIterator
Event: 17.759 loading class java/util/IdentityHashMap$IdentityHashMapIterator
Event: 17.760 loading class java/util/IdentityHashMap$IdentityHashMapIterator done
Event: 17.760 loading class java/util/IdentityHashMap$KeyIterator done
Event: 17.760 Thread 0x00007f9ba9a6c000 Thread added: 0x00007f9ba9a6c000
Event: 17.760 Thread 0x00007f9ba9a03800 Thread added: 0x00007f9ba9a03800
Event: 17.760 Thread 0x00007f9ba9a6c000 Thread exited: 0x00007f9ba9a6c000
Event: 17.760 Thread 0x00007f9ba9a03800 Thread exited: 0x00007f9ba9a03800
Event: 17.760 Thread 0x00007f9baa025000 Thread exited: 0x00007f9baa025000
Event: 17.761 Executing VM operation: Exit


Dynamic libraries:
0x000000002021b000 	/System/Library/Frameworks/Cocoa.framework/Versions/A/Cocoa
0x000000002021b000 	/System/Library/Frameworks/Security.framework/Versions/A/Security
0x000000002021b000 	/System/Library/Frameworks/ApplicationServices.framework/Versions/A/ApplicationServices
0x000000002021b000 	/usr/lib/libz.1.dylib
0x000000002021b000 	/usr/lib/libSystem.B.dylib
0x000000002021b000 	/usr/lib/libobjc.A.dylib
0x000000002021b000 	/System/Library/Frameworks/CoreFoundation.framework/Versions/A/CoreFoundation
0x000000002021b000 	/System/Library/Frameworks/Foundation.framework/Versions/C/Foundation
0x000000002021b000 	/System/Library/Frameworks/AppKit.framework/Versions/C/AppKit
0x000000002021b000 	/System/Library/Frameworks/CoreData.framework/Versions/A/CoreData
0x000000002021b000 	/System/Library/PrivateFrameworks/RemoteViewServices.framework/Versions/A/RemoteViewServices
0x000000002021b000 	/System/Library/PrivateFrameworks/UIFoundation.framework/Versions/A/UIFoundation
0x000000002021b000 	/System/Library/PrivateFrameworks/DFRFoundation.framework/Versions/A/DFRFoundation
0x000000002021b000 	/System/Library/Frameworks/Metal.framework/Versions/A/Metal
0x000000002021b000 	/System/Library/PrivateFrameworks/DesktopServicesPriv.framework/Versions/A/DesktopServicesPriv
0x000000002021b000 	/usr/lib/libenergytrace.dylib
0x000000002021b000 	/System/Library/PrivateFrameworks/SkyLight.framework/Versions/A/SkyLight
0x000000002021b000 	/System/Library/Frameworks/CoreGraphics.framework/Versions/A/CoreGraphics
0x000000002021b000 	/usr/lib/libScreenReader.dylib
0x000000002021b000 	/System/Library/Frameworks/Accelerate.framework/Versions/A/Accelerate
0x000000002021b000 	/System/Library/Frameworks/IOSurface.framework/Versions/A/IOSurface
0x000000002021b000 	/System/Library/Frameworks/AudioToolbox.framework/Versions/A/AudioToolbox
0x000000002021b000 	/System/Library/Frameworks/AudioUnit.framework/Versions/A/AudioUnit
0x000000002021b000 	/System/Library/PrivateFrameworks/DataDetectorsCore.framework/Versions/A/DataDetectorsCore
0x000000002021b000 	/System/Library/Frameworks/Carbon.framework/Versions/A/Frameworks/HIToolbox.framework/Versions/A/HIToolbox
0x000000002021b000 	/usr/lib/libicucore.A.dylib
0x000000002021b000 	/System/Library/Frameworks/QuartzCore.framework/Versions/A/QuartzCore
0x000000002021b000 	/System/Library/Frameworks/Carbon.framework/Versions/A/Frameworks/SpeechRecognition.framework/Versions/A/SpeechRecognition
0x000000002021b000 	/usr/lib/libauto.dylib
0x000000002021b000 	/usr/lib/libxml2.2.dylib
0x000000002021b000 	/System/Library/PrivateFrameworks/CoreUI.framework/Versions/A/CoreUI
0x000000002021b000 	/System/Library/Frameworks/CoreAudio.framework/Versions/A/CoreAudio
0x000000002021b000 	/System/Library/Frameworks/DiskArbitration.framework/Versions/A/DiskArbitration
0x000000002021b000 	/usr/lib/liblangid.dylib
0x000000002021b000 	/System/Library/PrivateFrameworks/MultitouchSupport.framework/Versions/A/MultitouchSupport
0x000000002021b000 	/System/Library/Frameworks/IOKit.framework/Versions/A/IOKit
0x000000002021b000 	/usr/lib/libDiagnosticMessagesClient.dylib
0x000000002021b000 	/System/Library/Frameworks/CoreServices.framework/Versions/A/CoreServices
0x000000002021b000 	/System/Library/PrivateFrameworks/PerformanceAnalysis.framework/Versions/A/PerformanceAnalysis
0x000000002021b000 	/System/Library/Frameworks/OpenGL.framework/Versions/A/OpenGL
0x000000002021b000 	/System/Library/Frameworks/ColorSync.framework/Versions/A/ColorSync
0x000000002021b000 	/System/Library/Frameworks/CoreImage.framework/Versions/A/CoreImage
0x000000002021b000 	/System/Library/Frameworks/CoreText.framework/Versions/A/CoreText
0x000000002021b000 	/System/Library/Frameworks/ImageIO.framework/Versions/A/ImageIO
0x000000002021b000 	/System/Library/PrivateFrameworks/Backup.framework/Versions/A/Backup
0x000000002021b000 	/usr/lib/libarchive.2.dylib
0x000000002021b000 	/System/Library/Frameworks/CFNetwork.framework/Versions/A/CFNetwork
0x000000002021b000 	/System/Library/Frameworks/SystemConfiguration.framework/Versions/A/SystemConfiguration
0x000000002021b000 	/usr/lib/libCRFSuite.dylib
0x000000002021b000 	/usr/lib/libc++.1.dylib
0x000000002021b000 	/usr/lib/libc++abi.dylib
0x000000002021b000 	/usr/lib/system/libcache.dylib
0x000000002021b000 	/usr/lib/system/libcommonCrypto.dylib
0x000000002021b000 	/usr/lib/system/libcompiler_rt.dylib
0x000000002021b000 	/usr/lib/system/libcopyfile.dylib
0x000000002021b000 	/usr/lib/system/libcorecrypto.dylib
0x000000002021b000 	/usr/lib/system/libdispatch.dylib
0x000000002021b000 	/usr/lib/system/libdyld.dylib
0x000000002021b000 	/usr/lib/system/libkeymgr.dylib
0x000000002021b000 	/usr/lib/system/liblaunch.dylib
0x000000002021b000 	/usr/lib/system/libmacho.dylib
0x000000002021b000 	/usr/lib/system/libquarantine.dylib
0x000000002021b000 	/usr/lib/system/libremovefile.dylib
0x000000002021b000 	/usr/lib/system/libsystem_asl.dylib
0x000000002021b000 	/usr/lib/system/libsystem_blocks.dylib
0x000000002021b000 	/usr/lib/system/libsystem_c.dylib
0x000000002021b000 	/usr/lib/system/libsystem_configuration.dylib
0x000000002021b000 	/usr/lib/system/libsystem_coreservices.dylib
0x000000002021b000 	/usr/lib/system/libsystem_darwin.dylib
0x000000002021b000 	/usr/lib/system/libsystem_dnssd.dylib
0x000000002021b000 	/usr/lib/system/libsystem_info.dylib
0x000000002021b000 	/usr/lib/system/libsystem_m.dylib
0x000000002021b000 	/usr/lib/system/libsystem_malloc.dylib
0x000000002021b000 	/usr/lib/system/libsystem_network.dylib
0x000000002021b000 	/usr/lib/system/libsystem_networkextension.dylib
0x000000002021b000 	/usr/lib/system/libsystem_notify.dylib
0x000000002021b000 	/usr/lib/system/libsystem_sandbox.dylib
0x000000002021b000 	/usr/lib/system/libsystem_secinit.dylib
0x000000002021b000 	/usr/lib/system/libsystem_kernel.dylib
0x000000002021b000 	/usr/lib/system/libsystem_platform.dylib
0x000000002021b000 	/usr/lib/system/libsystem_pthread.dylib
0x000000002021b000 	/usr/lib/system/libsystem_symptoms.dylib
0x000000002021b000 	/usr/lib/system/libsystem_trace.dylib
0x000000002021b000 	/usr/lib/system/libunwind.dylib
0x000000002021b000 	/usr/lib/system/libxpc.dylib
0x000000002021b000 	/usr/lib/closure/libclosured.dylib
0x000000002021b000 	/usr/lib/libbsm.0.dylib
0x000000002021b000 	/usr/lib/system/libkxld.dylib
0x000000002021b000 	/usr/lib/libOpenScriptingUtil.dylib
0x000000002021b000 	/usr/lib/libcoretls.dylib
0x000000002021b000 	/usr/lib/libcoretls_cfhelpers.dylib
0x000000002021b000 	/usr/lib/libpam.2.dylib
0x000000002021b000 	/usr/lib/libsqlite3.dylib
0x000000002021b000 	/usr/lib/libxar.1.dylib
0x000000002021b000 	/usr/lib/libbz2.1.0.dylib
0x000000002021b000 	/usr/lib/liblzma.5.dylib
0x000000002021b000 	/usr/lib/libnetwork.dylib
0x000000002021b000 	/usr/lib/libapple_nghttp2.dylib
0x000000002021b000 	/usr/lib/libpcap.A.dylib
0x000000002021b000 	/usr/lib/libboringssl.dylib
0x000000002021b000 	/usr/lib/libusrtcp.dylib
0x000000002021b000 	/usr/lib/libapple_crypto.dylib
0x000000002021b000 	/System/Library/Frameworks/CoreServices.framework/Versions/A/Frameworks/FSEvents.framework/Versions/A/FSEvents
0x000000002021b000 	/System/Library/Frameworks/CoreServices.framework/Versions/A/Frameworks/CarbonCore.framework/Versions/A/CarbonCore
0x000000002021b000 	/System/Library/Frameworks/CoreServices.framework/Versions/A/Frameworks/Metadata.framework/Versions/A/Metadata
0x000000002021b000 	/System/Library/Frameworks/CoreServices.framework/Versions/A/Frameworks/OSServices.framework/Versions/A/OSServices
0x000000002021b000 	/System/Library/Frameworks/CoreServices.framework/Versions/A/Frameworks/SearchKit.framework/Versions/A/SearchKit
0x000000002021b000 	/System/Library/Frameworks/CoreServices.framework/Versions/A/Frameworks/AE.framework/Versions/A/AE
0x000000002021b000 	/System/Library/Frameworks/CoreServices.framework/Versions/A/Frameworks/LaunchServices.framework/Versions/A/LaunchServices
0x000000002021b000 	/System/Library/Frameworks/CoreServices.framework/Versions/A/Frameworks/DictionaryServices.framework/Versions/A/DictionaryServices
0x000000002021b000 	/System/Library/Frameworks/CoreServices.framework/Versions/A/Frameworks/SharedFileList.framework/Versions/A/SharedFileList
0x000000002021b000 	/System/Library/Frameworks/NetFS.framework/Versions/A/NetFS
0x000000002021b000 	/System/Library/PrivateFrameworks/NetAuth.framework/Versions/A/NetAuth
0x000000002021b000 	/System/Library/PrivateFrameworks/login.framework/Versions/A/Frameworks/loginsupport.framework/Versions/A/loginsupport
0x000000002021b000 	/System/Library/PrivateFrameworks/TCC.framework/Versions/A/TCC
0x000000002021b000 	/usr/lib/libmecabra.dylib
0x000000002021b000 	/System/Library/Frameworks/ApplicationServices.framework/Versions/A/Frameworks/ATS.framework/Versions/A/ATS
0x000000002021b000 	/System/Library/Frameworks/ApplicationServices.framework/Versions/A/Frameworks/ColorSyncLegacy.framework/Versions/A/ColorSyncLegacy
0x000000002021b000 	/System/Library/Frameworks/ApplicationServices.framework/Versions/A/Frameworks/HIServices.framework/Versions/A/HIServices
0x000000002021b000 	/System/Library/Frameworks/ApplicationServices.framework/Versions/A/Frameworks/LangAnalysis.framework/Versions/A/LangAnalysis
0x000000002021b000 	/System/Library/Frameworks/ApplicationServices.framework/Versions/A/Frameworks/PrintCore.framework/Versions/A/PrintCore
0x000000002021b000 	/System/Library/Frameworks/ApplicationServices.framework/Versions/A/Frameworks/QD.framework/Versions/A/QD
0x000000002021b000 	/System/Library/Frameworks/ApplicationServices.framework/Versions/A/Frameworks/SpeechSynthesis.framework/Versions/A/SpeechSynthesis
0x000000002021b000 	/System/Library/Frameworks/CoreDisplay.framework/Versions/A/CoreDisplay
0x000000002021b000 	/System/Library/Frameworks/Accelerate.framework/Versions/A/Frameworks/vImage.framework/Versions/A/vImage
0x000000002021b000 	/System/Library/Frameworks/Accelerate.framework/Versions/A/Frameworks/vecLib.framework/Versions/A/vecLib
0x000000002021b000 	/System/Library/Frameworks/Accelerate.framework/Versions/A/Frameworks/vecLib.framework/Versions/A/libvDSP.dylib
0x000000002021b000 	/System/Library/Frameworks/Accelerate.framework/Versions/A/Frameworks/vecLib.framework/Versions/A/libBNNS.dylib
0x000000002021b000 	/System/Library/Frameworks/Accelerate.framework/Versions/A/Frameworks/vecLib.framework/Versions/A/libQuadrature.dylib
0x000000002021b000 	/System/Library/Frameworks/Accelerate.framework/Versions/A/Frameworks/vecLib.framework/Versions/A/libvMisc.dylib
0x000000002021b000 	/System/Library/Frameworks/Accelerate.framework/Versions/A/Frameworks/vecLib.framework/Versions/A/libLAPACK.dylib
0x000000002021b000 	/System/Library/Frameworks/Accelerate.framework/Versions/A/Frameworks/vecLib.framework/Versions/A/libBLAS.dylib
0x000000002021b000 	/System/Library/Frameworks/Accelerate.framework/Versions/A/Frameworks/vecLib.framework/Versions/A/libLinearAlgebra.dylib
0x000000002021b000 	/System/Library/Frameworks/Accelerate.framework/Versions/A/Frameworks/vecLib.framework/Versions/A/libSparse.dylib
0x000000002021b000 	/System/Library/Frameworks/Accelerate.framework/Versions/A/Frameworks/vecLib.framework/Versions/A/libSparseBLAS.dylib
0x000000002021b000 	/System/Library/PrivateFrameworks/IOAccelerator.framework/Versions/A/IOAccelerator
0x000000002021b000 	/System/Library/PrivateFrameworks/IOPresentment.framework/Versions/A/IOPresentment
0x000000002021b000 	/System/Library/PrivateFrameworks/DSExternalDisplay.framework/Versions/A/DSExternalDisplay
0x000000002021b000 	/System/Library/Frameworks/OpenGL.framework/Versions/A/Libraries/libCoreFSCache.dylib
0x000000002021b000 	/System/Library/Frameworks/CoreVideo.framework/Versions/A/CoreVideo
0x000000002021b000 	/System/Library/PrivateFrameworks/GraphVisualizer.framework/Versions/A/GraphVisualizer
0x000000002021b000 	/System/Library/Frameworks/MetalPerformanceShaders.framework/Versions/A/MetalPerformanceShaders
0x000000002021b000 	/usr/lib/libFosl_dynamic.dylib
0x000000002021b000 	/System/Library/PrivateFrameworks/FaceCore.framework/Versions/A/FaceCore
0x000000002021b000 	/System/Library/Frameworks/OpenCL.framework/Versions/A/OpenCL
0x000000002021b000 	/usr/lib/libcompression.dylib
0x000000002021b000 	/System/Library/Frameworks/ApplicationServices.framework/Versions/A/Frameworks/ATS.framework/Versions/A/Resources/libFontParser.dylib
0x000000002021b000 	/System/Library/Frameworks/ApplicationServices.framework/Versions/A/Frameworks/ATS.framework/Versions/A/Resources/libFontRegistry.dylib
0x000000002021b000 	/System/Library/Frameworks/ImageIO.framework/Versions/A/Resources/libJPEG.dylib
0x000000002021b000 	/System/Library/Frameworks/ImageIO.framework/Versions/A/Resources/libTIFF.dylib
0x000000002021b000 	/System/Library/Frameworks/ImageIO.framework/Versions/A/Resources/libPng.dylib
0x000000002021b000 	/System/Library/Frameworks/ImageIO.framework/Versions/A/Resources/libGIF.dylib
0x000000002021b000 	/System/Library/Frameworks/ImageIO.framework/Versions/A/Resources/libJP2.dylib
0x000000002021b000 	/System/Library/Frameworks/ImageIO.framework/Versions/A/Resources/libRadiance.dylib
0x000000002021b000 	/System/Library/PrivateFrameworks/AppleJPEG.framework/Versions/A/AppleJPEG
0x000000002021b000 	/System/Library/PrivateFrameworks/MetalTools.framework/Versions/A/MetalTools
0x000000002021b000 	/System/Library/Frameworks/MetalPerformanceShaders.framework/Frameworks/MPSCore.framework/Versions/A/MPSCore
0x000000002021b000 	/System/Library/Frameworks/MetalPerformanceShaders.framework/Frameworks/MPSImage.framework/Versions/A/MPSImage
0x000000002021b000 	/System/Library/Frameworks/MetalPerformanceShaders.framework/Frameworks/MPSMatrix.framework/Versions/A/MPSMatrix
0x000000002021b000 	/System/Library/Frameworks/MetalPerformanceShaders.framework/Frameworks/MPSNeuralNetwork.framework/Versions/A/MPSNeuralNetwork
0x000000002021b000 	/System/Library/Frameworks/OpenGL.framework/Versions/A/Libraries/libGLU.dylib
0x000000002021b000 	/System/Library/Frameworks/OpenGL.framework/Versions/A/Libraries/libGFXShared.dylib
0x000000002021b000 	/System/Library/Frameworks/OpenGL.framework/Versions/A/Libraries/libGL.dylib
0x000000002021b000 	/System/Library/Frameworks/OpenGL.framework/Versions/A/Libraries/libGLImage.dylib
0x000000002021b000 	/System/Library/Frameworks/OpenGL.framework/Versions/A/Libraries/libCVMSPluginSupport.dylib
0x000000002021b000 	/System/Library/Frameworks/OpenGL.framework/Versions/A/Libraries/libCoreVMClient.dylib
0x000000002021b000 	/usr/lib/libcups.2.dylib
0x000000002021b000 	/System/Library/Frameworks/Kerberos.framework/Versions/A/Kerberos
0x000000002021b000 	/System/Library/Frameworks/GSS.framework/Versions/A/GSS
0x000000002021b000 	/usr/lib/libresolv.9.dylib
0x000000002021b000 	/usr/lib/libiconv.2.dylib
0x000000002021b000 	/System/Library/PrivateFrameworks/Heimdal.framework/Versions/A/Heimdal
0x000000002021b000 	/usr/lib/libheimdal-asn1.dylib
0x0000000108fe3000 	/System/Library/Frameworks/OpenDirectory.framework/Versions/A/OpenDirectory
0x000000002021b000 	/System/Library/PrivateFrameworks/CommonAuth.framework/Versions/A/CommonAuth
0x0000000109003000 	/System/Library/Frameworks/OpenDirectory.framework/Versions/A/Frameworks/CFOpenDirectory.framework/Versions/A/CFOpenDirectory
0x000000002021b000 	/System/Library/Frameworks/SecurityFoundation.framework/Versions/A/SecurityFoundation
0x000000002021b000 	/System/Library/PrivateFrameworks/APFS.framework/Versions/A/APFS
0x000000002021b000 	/usr/lib/libutil.dylib
0x000000002021b000 	/System/Library/PrivateFrameworks/AppleSauce.framework/Versions/A/AppleSauce
0x000000002021b000 	/System/Library/PrivateFrameworks/LinguisticData.framework/Versions/A/LinguisticData
0x000000002021b000 	/usr/lib/libmarisa.dylib
0x000000002021b000 	/System/Library/PrivateFrameworks/Lexicon.framework/Versions/A/Lexicon
0x000000002021b000 	/usr/lib/libChineseTokenizer.dylib
0x000000002021b000 	/usr/lib/libcmph.dylib
0x000000002021b000 	/System/Library/PrivateFrameworks/LanguageModeling.framework/Versions/A/LanguageModeling
0x000000002021b000 	/System/Library/PrivateFrameworks/CoreEmoji.framework/Versions/A/CoreEmoji
0x000000002021b000 	/System/Library/Frameworks/ServiceManagement.framework/Versions/A/ServiceManagement
0x000000002021b000 	/System/Library/PrivateFrameworks/BackgroundTaskManagement.framework/Versions/A/BackgroundTaskManagement
0x000000002021b000 	/usr/lib/libxslt.1.dylib
0x000000002021b000 	/System/Library/Frameworks/Carbon.framework/Versions/A/Frameworks/Ink.framework/Versions/A/Ink
0x000000002021b000 	/System/Library/PrivateFrameworks/TextureIO.framework/Versions/A/TextureIO
0x000000002021b000 	/usr/lib/libate.dylib
0x000000002021b000 	/System/Library/PrivateFrameworks/CrashReporterSupport.framework/Versions/A/CrashReporterSupport
0x000000002021b000 	/System/Library/PrivateFrameworks/Sharing.framework/Versions/A/Sharing
0x000000002021b000 	/System/Library/PrivateFrameworks/IconServices.framework/Versions/A/IconServices
0x000000002021b000 	/System/Library/PrivateFrameworks/ProtocolBuffer.framework/Versions/A/ProtocolBuffer
0x000000002021b000 	/System/Library/PrivateFrameworks/Apple80211.framework/Versions/A/Apple80211
0x000000002021b000 	/System/Library/Frameworks/CoreWLAN.framework/Versions/A/CoreWLAN
0x000000002021b000 	/System/Library/PrivateFrameworks/CoreUtils.framework/Versions/A/CoreUtils
0x000000002021b000 	/System/Library/Frameworks/IOBluetooth.framework/Versions/A/IOBluetooth
0x000000002021b000 	/System/Library/PrivateFrameworks/CoreWiFi.framework/Versions/A/CoreWiFi
0x000000002021b000 	/System/Library/Frameworks/CoreBluetooth.framework/Versions/A/CoreBluetooth
0x000000002021b000 	/System/Library/PrivateFrameworks/SignpostNotification.framework/Versions/A/SignpostNotification
0x000000002021b000 	/System/Library/PrivateFrameworks/DebugSymbols.framework/Versions/A/DebugSymbols
0x000000002021b000 	/System/Library/PrivateFrameworks/CoreSymbolication.framework/Versions/A/CoreSymbolication
0x000000002021b000 	/System/Library/PrivateFrameworks/Symbolication.framework/Versions/A/Symbolication
0x000000002021b000 	/System/Library/PrivateFrameworks/AppleFSCompression.framework/Versions/A/AppleFSCompression
0x000000002021b000 	/System/Library/PrivateFrameworks/SpeechRecognitionCore.framework/Versions/A/SpeechRecognitionCore
0x0000000109a00000 	/Library/Java/JavaVirtualMachines/jdk1.8.0_144.jdk/Contents/Home/jre/lib/server/libjvm.dylib
0x000000002021b000 	/usr/lib/libstdc++.6.0.9.dylib
0x0000000109059000 	/Library/Java/JavaVirtualMachines/jdk1.8.0_144.jdk/Contents/Home/jre/lib/libverify.dylib
0x0000000109067000 	/Library/Java/JavaVirtualMachines/jdk1.8.0_144.jdk/Contents/Home/jre/lib/libjava.dylib
0x00000001090e6000 	/Library/Java/JavaVirtualMachines/jdk1.8.0_144.jdk/Contents/Home/jre/lib/libzip.dylib
0x000000002021b000 	/System/Library/Frameworks/JavaVM.framework/Versions/A/Frameworks/JavaRuntimeSupport.framework/Versions/A/JavaRuntimeSupport
0x000000002021b000 	/System/Library/Frameworks/JavaVM.framework/Versions/A/Frameworks/JavaNativeFoundation.framework/Versions/A/JavaNativeFoundation
0x000000002021b000 	/System/Library/Frameworks/JavaVM.framework/Versions/A/JavaVM
0x000000002021b000 	/System/Library/Frameworks/Carbon.framework/Versions/A/Carbon
0x000000002021b000 	/System/Library/PrivateFrameworks/JavaLaunching.framework/Versions/A/JavaLaunching
0x000000002021b000 	/System/Library/Frameworks/Carbon.framework/Versions/A/Frameworks/CommonPanels.framework/Versions/A/CommonPanels
0x000000002021b000 	/System/Library/Frameworks/Carbon.framework/Versions/A/Frameworks/Help.framework/Versions/A/Help
0x000000002021b000 	/System/Library/Frameworks/Carbon.framework/Versions/A/Frameworks/ImageCapture.framework/Versions/A/ImageCapture
0x000000002021b000 	/System/Library/Frameworks/Carbon.framework/Versions/A/Frameworks/OpenScripting.framework/Versions/A/OpenScripting
0x000000002021b000 	/System/Library/Frameworks/Carbon.framework/Versions/A/Frameworks/Print.framework/Versions/A/Print
0x000000002021b000 	/System/Library/Frameworks/Carbon.framework/Versions/A/Frameworks/SecurityHI.framework/Versions/A/SecurityHI
0x000000010d30a000 	/Library/Java/JavaVirtualMachines/jdk1.8.0_144.jdk/Contents/Home/jre/lib/libsunec.dylib
0x000000010d4ec000 	/Library/Java/JavaVirtualMachines/jdk1.8.0_144.jdk/Contents/Home/jre/lib/libnet.dylib
0x000000010d54b000 	/Library/Java/JavaVirtualMachines/jdk1.8.0_144.jdk/Contents/Home/jre/lib/libnio.dylib
0x000000010d55b000 	/Users/peijiexu/.swt/lib/macosx/x86_64/libswt-cocoa-4758.jnilib
0x000000002021b000 	/System/Library/Frameworks/WebKit.framework/Versions/A/WebKit
0x000000002021b000 	/System/Library/Frameworks/JavaScriptCore.framework/Versions/A/JavaScriptCore
0x000000002021b000 	/System/Library/Frameworks/SecurityInterface.framework/Versions/A/SecurityInterface
0x000000002021b000 	/System/Library/Frameworks/WebKit.framework/Versions/A/Frameworks/WebKitLegacy.framework/Versions/A/WebKitLegacy
0x000000002021b000 	/System/Library/Frameworks/WebKit.framework/Versions/A/Frameworks/WebCore.framework/Versions/A/WebCore
0x000000002021b000 	/System/Library/Frameworks/WebKit.framework/Versions/A/Frameworks/WebCore.framework/Versions/A/Frameworks/libwebrtc.dylib
0x000000002021b000 	/System/Library/PrivateFrameworks/CorePrediction.framework/Versions/A/CorePrediction
0x000000002021b000 	/System/Library/Frameworks/VideoToolbox.framework/Versions/A/VideoToolbox
0x000000002021b000 	/System/Library/Frameworks/CoreMedia.framework/Versions/A/CoreMedia
0x000000002021b000 	/System/Library/PrivateFrameworks/AppleVA.framework/Versions/A/AppleVA
0x000000002021b000 	/usr/lib/libspindump.dylib
0x000000002021b000 	/usr/lib/libdscsym.dylib
0x000000002021b000 	/System/Library/Frameworks/AVFoundation.framework/Versions/A/AVFoundation
0x000000002021b000 	/System/Library/Frameworks/AVFoundation.framework/Versions/A/Frameworks/AVFAudio.framework/Versions/A/AVFAudio
0x000000002021b000 	/System/Library/Frameworks/MediaToolbox.framework/Versions/A/MediaToolbox
0x000000002021b000 	/System/Library/PrivateFrameworks/IntlPreferences.framework/Versions/A/IntlPreferences
0x000000002021b000 	/System/Library/Frameworks/CoreMediaIO.framework/Versions/A/CoreMediaIO
0x000000002021b000 	/System/Library/PrivateFrameworks/RemoteServiceDiscovery.framework/Versions/A/RemoteServiceDiscovery
0x000000002021b000 	/System/Library/PrivateFrameworks/RemoteXPC.framework/Versions/A/RemoteXPC
0x000000002021b000 	/System/Library/PrivateFrameworks/MultiverseSupport.framework/Versions/A/MultiverseSupport
0x000000002021b000 	/System/Library/PrivateFrameworks/CoreAVCHD.framework/Versions/A/CoreAVCHD
0x000000002021b000 	/System/Library/Frameworks/MediaAccessibility.framework/Versions/A/MediaAccessibility
0x000000002021b000 	/System/Library/PrivateFrameworks/Mangrove.framework/Versions/A/Mangrove
0x000000002021b000 	/System/Library/PrivateFrameworks/CoreAUC.framework/Versions/A/CoreAUC
0x000000002021b000 	/System/Library/PrivateFrameworks/InternationalSupport.framework/Versions/A/InternationalSupport
0x000000002021b000 	/System/Library/PrivateFrameworks/CoreOptimization.framework/Versions/A/CoreOptimization
0x000000010d5b0000 	/Users/peijiexu/.swt/lib/macosx/x86_64/libswt-pi-cocoa-4758.jnilib
0x000000002021b000 	/System/Library/PrivateFrameworks/CoreServicesInternal.framework/Versions/A/CoreServicesInternal
0x000000002021b000 	/System/Library/Frameworks/ApplicationServices.framework/Versions/A/Frameworks/ATS.framework/Versions/A/Resources/libTrueTypeScaler.dylib
0x000000002021b000 	/System/Library/Frameworks/Accelerate.framework/Versions/A/Frameworks/vImage.framework/Versions/A/Libraries/libCGInterfaces.dylib
0x000000002021b000 	/System/Library/Frameworks/ApplicationServices.framework/Versions/A/Frameworks/ATS.framework/Versions/A/Resources/libFontRegistryUI.dylib
0x000000002021b000 	/System/Library/Frameworks/ApplicationServices.framework/Versions/A/Frameworks/ATS.framework/Versions/A/Resources/ATSHI.dylib
0x000000002021b000 	/System/Library/PrivateFrameworks/FamilyControls.framework/Versions/A/FamilyControls
0x000000002021b000 	/System/Library/PrivateFrameworks/CommerceKit.framework/Versions/A/Frameworks/CommerceCore.framework/Versions/A/CommerceCore
0x000000002021b000 	/System/Library/PrivateFrameworks/SystemAdministration.framework/Versions/A/SystemAdministration
0x000000002021b000 	/System/Library/PrivateFrameworks/AppContainer.framework/Versions/A/AppContainer
0x000000002021b000 	/System/Library/PrivateFrameworks/SecCodeWrapper.framework/Versions/A/SecCodeWrapper
0x000000002021b000 	/System/Library/PrivateFrameworks/DiskManagement.framework/Versions/A/DiskManagement
0x00000001245d4000 	/System/Library/Frameworks/DirectoryService.framework/Versions/A/DirectoryService
0x000000002021b000 	/System/Library/PrivateFrameworks/DiskImages.framework/Versions/A/DiskImages
0x000000002021b000 	/System/Library/PrivateFrameworks/LoginUIKit.framework/Versions/A/Frameworks/LoginUICore.framework/Versions/A/LoginUICore
0x000000002021b000 	/usr/lib/libCoreStorage.dylib
0x000000002021b000 	/usr/lib/libcsfde.dylib
0x000000002021b000 	/usr/lib/libodfde.dylib
0x000000002021b000 	/System/Library/PrivateFrameworks/MediaKit.framework/Versions/A/MediaKit
0x000000002021b000 	/System/Library/Frameworks/DiscRecording.framework/Versions/A/DiscRecording
0x000000002021b000 	/System/Library/PrivateFrameworks/EFILogin.framework/Versions/A/EFILogin
0x000000002021b000 	/System/Library/PrivateFrameworks/ProtectedCloudStorage.framework/Versions/A/ProtectedCloudStorage
0x000000002021b000 	/usr/lib/libcurl.4.dylib
0x000000002021b000 	/usr/lib/libcrypto.35.dylib
0x000000002021b000 	/usr/lib/libssl.35.dylib
0x000000002021b000 	/System/Library/Frameworks/LDAP.framework/Versions/A/LDAP
0x000000002021b000 	/System/Library/PrivateFrameworks/TrustEvaluationAgent.framework/Versions/A/TrustEvaluationAgent
0x000000002021b000 	/usr/lib/libsasl2.2.dylib
0x000000002021b000 	/System/Library/PrivateFrameworks/CoreDaemon.framework/Versions/B/CoreDaemon
0x000000002021b000 	/System/Library/PrivateFrameworks/AppleSRP.framework/Versions/A/AppleSRP
0x000000002021b000 	/System/Library/Frameworks/OpenGL.framework/Versions/A/Resources/GLEngine.bundle/GLEngine
0x000000002021b000 	/System/Library/Frameworks/OpenGL.framework/Versions/A/Libraries/libGLProgrammability.dylib
0x0000000129017000 	/System/Library/Extensions/AppleIntelKBLGraphicsGLDriver.bundle/Contents/MacOS/AppleIntelKBLGraphicsGLDriver
0x000000002021b000 	/System/Library/PrivateFrameworks/GPUSupport.framework/Versions/A/Libraries/libGPUSupportMercury.dylib
0x000000002021b000 	/System/Library/Frameworks/OpenGL.framework/Versions/A/Resources/GLRendererFloat.bundle/GLRendererFloat
0x000000002021b000 	/System/Library/Frameworks/OpenCL.framework/Versions/A/Libraries/libcldcpuengine.dylib
0x000000002021b000 	/System/Library/Extensions/AppleIntelKBLGraphicsMTLDriver.bundle/Contents/MacOS/AppleIntelKBLGraphicsMTLDriver
0x000000002021b000 	/System/Library/PrivateFrameworks/GPUCompiler.framework/Versions/3802/Libraries/libmetal_timestamp.dylib
0x000000002021b000 	/System/Library/PrivateFrameworks/Shortcut.framework/Versions/A/Shortcut
0x000000002021b000 	/System/Library/PrivateFrameworks/HelpData.framework/Versions/A/HelpData
0x000000002021b000 	/System/Library/CoreServices/RawCamera.bundle/Contents/MacOS/RawCamera
0x000000002021b000 	/System/Library/PrivateFrameworks/MobileAsset.framework/Versions/A/MobileAsset
0x000000002021b000 	/System/Library/PrivateFrameworks/StreamingZip.framework/Versions/A/StreamingZip
0x000000002021b000 	/System/Library/PrivateFrameworks/FinderKit.framework/Versions/A/FinderKit
0x000000002021b000 	/System/Library/Frameworks/Quartz.framework/Versions/A/Frameworks/QuickLookUI.framework/Versions/A/QuickLookUI
0x000000002021b000 	/System/Library/Frameworks/Quartz.framework/Versions/A/Frameworks/ImageKit.framework/Versions/A/ImageKit
0x000000002021b000 	/System/Library/Frameworks/QuickLook.framework/Versions/A/QuickLook
0x000000002021b000 	/System/Library/PrivateFrameworks/AppleSystemInfo.framework/Versions/A/AppleSystemInfo
0x000000002021b000 	/System/Library/Frameworks/ImageCaptureCore.framework/Versions/A/ImageCaptureCore
0x000000002021b000 	/System/Library/PrivateFrameworks/Suggestions.framework/Versions/A/Suggestions
0x000000002021b000 	/System/Library/Frameworks/SafariServices.framework/Versions/A/SafariServices
0x000000002021b000 	/System/Library/PrivateFrameworks/ViewBridge.framework/Versions/A/ViewBridge
0x000000002021b000 	/System/Library/Frameworks/QTKit.framework/Versions/A/QTKit
0x000000002021b000 	/System/Library/PrivateFrameworks/MobileKeyBag.framework/Versions/A/MobileKeyBag
0x000000002021b000 	/System/Library/PrivateFrameworks/CoreMediaAuthoring.framework/Versions/A/CoreMediaAuthoring
0x000000002021b000 	/System/Library/PrivateFrameworks/QuickLookThumbnailing.framework/Versions/A/QuickLookThumbnailing
0x000000002021b000 	/System/Library/PrivateFrameworks/GenerationalStorage.framework/Versions/A/GenerationalStorage
0x000000002021b000 	/System/Library/PrivateFrameworks/ChunkingLibrary.framework/Versions/A/ChunkingLibrary
0x000000002021b000 	/System/Library/PrivateFrameworks/DisplayServices.framework/Versions/A/DisplayServices
0x000000002021b000 	/System/Library/Frameworks/Quartz.framework/Versions/A/Frameworks/PDFKit.framework/Versions/A/PDFKit
0x000000002021b000 	/System/Library/Frameworks/Quartz.framework/Versions/A/Frameworks/QuartzComposer.framework/Versions/A/QuartzComposer
0x000000002021b000 	/System/Library/Frameworks/Quartz.framework/Versions/A/Frameworks/QuartzFilters.framework/Versions/A/QuartzFilters
0x000000002021b000 	/System/Library/PrivateFrameworks/CorePDF.framework/Versions/A/CorePDF
0x000000002021b000 	/System/Library/Frameworks/AddressBook.framework/Versions/A/AddressBook
0x000000002021b000 	/System/Library/PrivateFrameworks/ContactsPersistence.framework/Versions/A/ContactsPersistence
0x000000002021b000 	/System/Library/PrivateFrameworks/ApplePushService.framework/Versions/A/ApplePushService
0x000000002021b000 	/System/Library/PrivateFrameworks/CalendarAgentLink.framework/Versions/A/CalendarAgentLink
0x000000002021b000 	/System/Library/PrivateFrameworks/ContactsFoundation.framework/Versions/A/ContactsFoundation
0x000000002021b000 	/System/Library/PrivateFrameworks/CorePhoneNumbers.framework/Versions/A/CorePhoneNumbers
0x000000002021b000 	/System/Library/Frameworks/Quartz.framework/Versions/A/Quartz
0x000000002021b000 	/System/Library/PrivateFrameworks/ToneKit.framework/Versions/A/ToneKit
0x000000002021b000 	/System/Library/PrivateFrameworks/ToneLibrary.framework/Versions/A/ToneLibrary
0x000000002021b000 	/System/Library/PrivateFrameworks/vCard.framework/Versions/A/vCard
0x000000002021b000 	/System/Library/Frameworks/Accounts.framework/Versions/A/Accounts
0x000000002021b000 	/System/Library/PrivateFrameworks/PhoneNumbers.framework/Versions/A/PhoneNumbers
0x000000002021b000 	/System/Library/PrivateFrameworks/CommonUtilities.framework/Versions/A/CommonUtilities
0x000000002021b000 	/System/Library/PrivateFrameworks/CloudDocs.framework/Versions/A/CloudDocs
0x000000002021b000 	/System/Library/PrivateFrameworks/FileProvider.framework/Versions/A/FileProvider
0x000000002021b000 	/System/Library/PrivateFrameworks/SpotlightIndex.framework/Versions/A/SpotlightIndex
0x000000002021b000 	/System/Library/PrivateFrameworks/SymptomDiagnosticReporter.framework/Versions/A/SymptomDiagnosticReporter
0x000000002021b000 	/System/Library/Frameworks/CoreSpotlight.framework/Versions/A/CoreSpotlight
0x000000002021b000 	/System/Library/PrivateFrameworks/PlugInKit.framework/Versions/A/PlugInKit
0x000000002021b000 	/System/Library/PrivateFrameworks/CoreNLP.framework/Versions/A/CoreNLP
0x000000002021b000 	/usr/lib/libmecab.1.0.0.dylib
0x000000002021b000 	/usr/lib/libgermantok.dylib
0x000000002021b000 	/usr/lib/libThaiTokenizer.dylib
0x000000002021b000 	/System/Library/PrivateFrameworks/SharePointManagement.framework/Versions/A/SharePointManagement
0x000000002021b000 	/System/Library/Frameworks/CloudKit.framework/Versions/A/CloudKit
0x000000002021b000 	/System/Library/Frameworks/CoreLocation.framework/Versions/A/CoreLocation
0x000000002021b000 	/System/Library/PrivateFrameworks/GeoServices.framework/Versions/A/GeoServices
0x000000012c783000 	/System/Library/PrivateFrameworks/FileProvider.framework/OverrideBundles/CloudDocsFileProvider.bundle/Contents/MacOS/CloudDocsFileProvider
0x000000012c7b1000 	/System/Library/PrivateFrameworks/FileProvider.framework/OverrideBundles/FileProviderOverride.bundle/Contents/MacOS/FileProviderOverride
0x000000012c7b9000 	/System/Library/PrivateFrameworks/FileProvider.framework/OverrideBundles/FinderSyncCollaborationFileProviderOverride.bundle/Contents/MacOS/FinderSyncCollaborationFileProviderOverride
0x000000002021b000 	/System/Library/PrivateFrameworks/DataDetectors.framework/Versions/A/DataDetectors
0x000000002021b000 	/System/Library/PrivateFrameworks/Lookup.framework/Versions/A/Lookup
0x000000002021b000 	/System/Library/PrivateFrameworks/IDS.framework/Versions/A/IDS
0x000000002021b000 	/System/Library/PrivateFrameworks/IMFoundation.framework/Versions/A/IMFoundation
0x000000002021b000 	/System/Library/PrivateFrameworks/Marco.framework/Versions/A/Marco
0x000000002021b000 	/System/Library/PrivateFrameworks/IDSFoundation.framework/Versions/A/IDSFoundation
0x000000002021b000 	/System/Library/PrivateFrameworks/Network.framework/Versions/A/Network
0x000000002021b000 	/System/Library/PrivateFrameworks/Engram.framework/Versions/A/Engram
0x000000002021b000 	/usr/lib/libtidy.A.dylib
0x000000002021b000 	/System/Library/PrivateFrameworks/Bom.framework/Versions/A/Bom
0x000000002021b000 	/System/Library/PrivateFrameworks/DiagnosticLogCollection.framework/Versions/A/DiagnosticLogCollection

VM Arguments:
jvm_args: -Djava.library.path=/Users/peijiexu/Downloads/swt-4 -Dfile.encoding=UTF-8 
java_command: Main_gui
java_class_path (initial): /Users/peijiexu/eclipse-workspace/CTN_ImageAnalyzer/bin:/Users/peijiexu/Downloads/swt-4:/Users/peijiexu/Downloads/swt-4/swt.jar:/Users/peijiexu/eclipse-workspace/CTN_ImageAnalyzer/swing2swt.jar:/Users/peijiexu/java-sdk/visual-recognition/bin:/Users/peijiexu/java-sdk/core/bin:/Users/peijiexu/.gradle/caches/modules-2/files-2.1/com.squareup.okhttp3/logging-interceptor/3.8.0/f765f004f3e201bd6ad0904266e605d7fb776d5/logging-interceptor-3.8.0.jar:/Users/peijiexu/.gradle/caches/modules-2/files-2.1/com.squareup.okhttp3/okhttp-urlconnection/3.8.0/265257b82f20bb0371a926cc8ceb5f7bb17c0df8/okhttp-urlconnection-3.8.0.jar:/Users/peijiexu/.gradle/caches/modules-2/files-2.1/com.squareup.okhttp3/okhttp/3.8.0/5a11f020cce2d11eb71ba916700600e18c4547e7/okhttp-3.8.0.jar:/Users/peijiexu/.gradle/caches/modules-2/files-2.1/com.google.code.gson/gson/2.8.0/c4ba5371a29ac9b2ad6129b1d39ea38750043eff/gson-2.8.0.jar:/Users/peijiexu/.gradle/caches/modules-2/files-2.1/org.apache.commons/commons-lang3/3.5/6c6c702c89bfff3cd9e80b04d668c5e190d588c6/commons-lang3-3.5.jar:/Users/peijiexu/.gradle/caches/modules-2/files-2.1/org.glassfish.jersey.bundles.repackaged/jersey-jsr166e/2.25.1/872244533f681f7d2cd48096d1fe50c779b519ed/jersey-jsr166e-2.25.1.jar:/Users/peijiexu/.gradle/caches/modules-2/files-2.1/com.squareup.okio/okio/1.13.0/a9283170b7305c8d92d25aff02a6ab7e45d06cbe/okio-1.13.0.jar:/Users/peijiexu/.gradle/caches/modules-2/files-2.1/com.squareup.okhttp3/mockwebserver/3.8.0/6bcc6566897ffae93c62e53ff8e8e71af18d7593/mockwebserver-3.8.0.jar:/Users/peijiexu/.gradle/caches/modules-2/files-2.1/ch.qos.logback/logback-classic/1.2.3/7c4f3c474fb2c041d8028740440937705ebb473a/logback-classic-1.2.3.jar:/Users/peijiexu/.gradle/caches/modules-2/files-2.1/com.google.guava/guava/20.0/89507701249388e1ed5ddcf8c41f4ce1be7831ef/guava-20.0.jar:/Users/peijiexu/.gradle/caches/modules-2/files-2.1/junit/junit/4.12/2973d150c0dc1fefe998f834810d68f278ea58ec/junit-4.12.jar:/Users/peijiexu/.gradle/caches/mod
Launcher Type: SUN_STANDARD

Environment Variables:
PATH=/usr/bin:/bin:/usr/sbin:/sbin
SHELL=/bin/bash

Signal Handlers:
SIGSEGV: [libjvm.dylib+0x5b26e5], sa_mask[0]=11111111011111110111111111111111, sa_flags=SA_ONSTACK|SA_RESTART|SA_SIGINFO
SIGBUS: [libjvm.dylib+0x5b26e5], sa_mask[0]=11111111011111110111111111111111, sa_flags=SA_RESTART|SA_SIGINFO
SIGFPE: [libjvm.dylib+0x489100], sa_mask[0]=11111111011111110111111111111111, sa_flags=SA_RESTART|SA_SIGINFO
SIGPIPE: [libjvm.dylib+0x489100], sa_mask[0]=11111111011111110111111111111111, sa_flags=SA_RESTART|SA_SIGINFO
SIGXFSZ: [libjvm.dylib+0x489100], sa_mask[0]=11111111011111110111111111111111, sa_flags=SA_RESTART|SA_SIGINFO
SIGILL: [libjvm.dylib+0x489100], sa_mask[0]=11111111011111110111111111111111, sa_flags=SA_RESTART|SA_SIGINFO
SIGUSR1: SIG_DFL, sa_mask[0]=00000000000000000000000000000000, sa_flags=none
SIGUSR2: [libjvm.dylib+0x488c1e], sa_mask[0]=00100000000000000000000000000000, sa_flags=SA_RESTART|SA_SIGINFO
SIGHUP: [libjvm.dylib+0x4871f5], sa_mask[0]=11111111011111110111111111111111, sa_flags=SA_RESTART|SA_SIGINFO
SIGINT: [libjvm.dylib+0x4871f5], sa_mask[0]=11111111011111110111111111111111, sa_flags=SA_RESTART|SA_SIGINFO
SIGTERM: [libjvm.dylib+0x4871f5], sa_mask[0]=11111111011111110111111111111111, sa_flags=SA_RESTART|SA_SIGINFO
SIGQUIT: [libjvm.dylib+0x4871f5], sa_mask[0]=11111111011111110111111111111111, sa_flags=SA_RESTART|SA_SIGINFO


---------------  S Y S T E M  ---------------

OS:Bsduname:Darwin 17.2.0 Darwin Kernel Version 17.2.0: Fri Sep 29 18:27:05 PDT 2017; root:xnu-4570.20.62~3/RELEASE_X86_64 x86_64
rlimit: STACK 8192k, CORE 0k, NPROC 709, NOFILE 10240, AS infinity
load average:2.05 1.87 1.79

CPU:total 4 (initial active 4) (2 cores per cpu, 2 threads per core) family 6 model 142 stepping 9, cmov, cx8, fxsr, mmx, sse, sse2, sse3, ssse3, sse4.1, sse4.2, popcnt, avx, avx2, aes, clmul, erms, rtm, 3dnowpref, lzcnt, ht, tsc, tscinvbit, bmi1, bmi2, adx

Memory: 4k page, physical 8388608k(1219668k free)

/proc/meminfo:


vm_info: Java HotSpot(TM) 64-Bit Server VM (25.144-b01) for bsd-amd64 JRE (1.8.0_144-b01), built on Jul 21 2017 22:07:42 by "java_re" with gcc 4.2.1 (Based on Apple Inc. build 5658) (LLVM build 2336.11.00)

time: Thu Nov 30 23:40:44 2017
elapsed time: 17 seconds (0d 0h 0m 17s)

